Info: Starting: Create block symbol file (.bsf)
Info: qsys-generate C:\Users\niels\OneDrive\Bureaublad\School\KBS\VoiceGame_VHDL\Core.qsys --block-symbol-file --output-directory=C:\Users\niels\OneDrive\Bureaublad\School\KBS\VoiceGame_VHDL\Core --family="Cyclone IV E" --part=EP4CE115F29C7
Progress: Loading VoiceGame_VHDL/Core.qsys
Progress: Reading input file
Progress: Adding clk_0 [clock_source 18.1]
Progress: Parameterizing module clk_0
Progress: Adding clk_1 [clock_source 18.1]
Progress: Parameterizing module clk_1
Progress: Adding i2c_0 [altera_avalon_i2c 18.1]
Progress: Parameterizing module i2c_0
Progress: Adding jtag_uart_0 [altera_avalon_jtag_uart 18.1]
Progress: Parameterizing module jtag_uart_0
Progress: Adding nios2_gen2_0 [altera_nios2_gen2 18.1]
Progress: Parameterizing module nios2_gen2_0
Progress: Adding onchip_memory2_0 [altera_avalon_onchip_memory2 18.1]
Progress: Parameterizing module onchip_memory2_0
Progress: Adding video_vga_controller_0 [altera_up_avalon_video_vga_controller 18.0]
Progress: Parameterizing module video_vga_controller_0
Progress: Building connections
Progress: Parameterizing connections
Progress: Validating
Progress: Done reading input file
Info: Core.jtag_uart_0: JTAG UART IP input clock need to be at least double (2x) the operating frequency of JTAG TCK on board
Info: Core.video_vga_controller_0: Video Output Stream: Format: 640 x 480 with Color: 10 (bits) x 3 (planes) converted to 8 (bits) per color plane
Info: qsys-generate succeeded.
Info: Finished: Create block symbol file (.bsf)
Info: 
Info: Starting: Create HDL design files for synthesis
Info: qsys-generate C:\Users\niels\OneDrive\Bureaublad\School\KBS\VoiceGame_VHDL\Core.qsys --synthesis=VHDL --output-directory=C:\Users\niels\OneDrive\Bureaublad\School\KBS\VoiceGame_VHDL\Core\synthesis --family="Cyclone IV E" --part=EP4CE115F29C7
Progress: Loading VoiceGame_VHDL/Core.qsys
Progress: Reading input file
Progress: Adding clk_0 [clock_source 18.1]
Progress: Parameterizing module clk_0
Progress: Adding clk_1 [clock_source 18.1]
Progress: Parameterizing module clk_1
Progress: Adding i2c_0 [altera_avalon_i2c 18.1]
Progress: Parameterizing module i2c_0
Progress: Adding jtag_uart_0 [altera_avalon_jtag_uart 18.1]
Progress: Parameterizing module jtag_uart_0
Progress: Adding nios2_gen2_0 [altera_nios2_gen2 18.1]
Progress: Parameterizing module nios2_gen2_0
Progress: Adding onchip_memory2_0 [altera_avalon_onchip_memory2 18.1]
Progress: Parameterizing module onchip_memory2_0
Progress: Adding video_vga_controller_0 [altera_up_avalon_video_vga_controller 18.0]
Progress: Parameterizing module video_vga_controller_0
Progress: Building connections
Progress: Parameterizing connections
Progress: Validating
Progress: Done reading input file
Info: Core.jtag_uart_0: JTAG UART IP input clock need to be at least double (2x) the operating frequency of JTAG TCK on board
Info: Core.video_vga_controller_0: Video Output Stream: Format: 640 x 480 with Color: 10 (bits) x 3 (planes) converted to 8 (bits) per color plane
Info: Core: Generating Core "Core" for QUARTUS_SYNTH
Info: i2c_0: "Core" instantiated altera_avalon_i2c "i2c_0"
Info: jtag_uart_0: Starting RTL generation for module 'Core_jtag_uart_0'
Info: jtag_uart_0:   Generation command is [exec C:/intelfpga_lite/18.1/quartus/bin64/perl/bin/perl.exe -I C:/intelfpga_lite/18.1/quartus/bin64/perl/lib -I C:/intelfpga_lite/18.1/quartus/sopc_builder/bin/europa -I C:/intelfpga_lite/18.1/quartus/sopc_builder/bin/perl_lib -I C:/intelfpga_lite/18.1/quartus/sopc_builder/bin -I C:/intelfpga_lite/18.1/quartus/../ip/altera/sopc_builder_ip/common -I C:/intelfpga_lite/18.1/quartus/../ip/altera/sopc_builder_ip/altera_avalon_jtag_uart -- C:/intelfpga_lite/18.1/quartus/../ip/altera/sopc_builder_ip/altera_avalon_jtag_uart/generate_rtl.pl --name=Core_jtag_uart_0 --dir=C:/Users/niels/AppData/Local/Temp/alt9684_584193104679644755.dir/0003_jtag_uart_0_gen/ --quartus_dir=C:/intelfpga_lite/18.1/quartus --verilog --config=C:/Users/niels/AppData/Local/Temp/alt9684_584193104679644755.dir/0003_jtag_uart_0_gen//Core_jtag_uart_0_component_configuration.pl  --do_build_sim=0  ]
Info: jtag_uart_0: Done RTL generation for module 'Core_jtag_uart_0'
Info: jtag_uart_0: "Core" instantiated altera_avalon_jtag_uart "jtag_uart_0"
Info: nios2_gen2_0: "Core" instantiated altera_nios2_gen2 "nios2_gen2_0"
Info: onchip_memory2_0: Starting RTL generation for module 'Core_onchip_memory2_0'
Info: onchip_memory2_0:   Generation command is [exec C:/intelfpga_lite/18.1/quartus/bin64/perl/bin/perl.exe -I C:/intelfpga_lite/18.1/quartus/bin64/perl/lib -I C:/intelfpga_lite/18.1/quartus/sopc_builder/bin/europa -I C:/intelfpga_lite/18.1/quartus/sopc_builder/bin/perl_lib -I C:/intelfpga_lite/18.1/quartus/sopc_builder/bin -I C:/intelfpga_lite/18.1/quartus/../ip/altera/sopc_builder_ip/common -I C:/intelfpga_lite/18.1/quartus/../ip/altera/sopc_builder_ip/altera_avalon_onchip_memory2 -- C:/intelfpga_lite/18.1/quartus/../ip/altera/sopc_builder_ip/altera_avalon_onchip_memory2/generate_rtl.pl --name=Core_onchip_memory2_0 --dir=C:/Users/niels/AppData/Local/Temp/alt9684_584193104679644755.dir/0004_onchip_memory2_0_gen/ --quartus_dir=C:/intelfpga_lite/18.1/quartus --verilog --config=C:/Users/niels/AppData/Local/Temp/alt9684_584193104679644755.dir/0004_onchip_memory2_0_gen//Core_onchip_memory2_0_component_configuration.pl  --do_build_sim=0  ]
Info: onchip_memory2_0: child process exited abnormally
Error: onchip_memory2_0: Failed to generate module Core_onchip_memory2_0
Info: onchip_memory2_0: Done RTL generation for module 'Core_onchip_memory2_0'
Info: onchip_memory2_0: "Core" instantiated altera_avalon_onchip_memory2 "onchip_memory2_0"
Error: Generation stopped, 8 or more modules remaining
Info: Core: Done "Core" with 10 modules, 16 files
Error: qsys-generate failed with exit code 1: 2 Errors, 0 Warnings
Info: Stopping: Create HDL design files for synthesis
