Info: Starting: Create block symbol file (.bsf)
Info: qsys-generate /home/jaschutte/Documents/School/VHDL/VoiceGame_VHDL/Core.qsys --block-symbol-file --output-directory=/home/jaschutte/Documents/School/VHDL/VoiceGame_VHDL/Core --family="Cyclone IV E" --part=EP4CE115F29C7
Progress: Loading VoiceGame_VHDL/Core.qsys
Progress: Reading input file
Progress: Adding alt_vip_cti_0 [alt_vip_cti 14.0]
Progress: Parameterizing module alt_vip_cti_0
Progress: Adding audio_0 [altera_up_avalon_audio 18.0]
Progress: Parameterizing module audio_0
Progress: Adding audio_pll_0 [altera_up_avalon_audio_pll 18.0]
Progress: Parameterizing module audio_pll_0
Progress: Adding clk_0 [clock_source 18.1]
Progress: Parameterizing module clk_0
Progress: Adding jtag_uart_0 [altera_avalon_jtag_uart 18.1]
Progress: Parameterizing module jtag_uart_0
Progress: Adding nios2_gen2_0 [altera_nios2_gen2 18.1]
Progress: Parameterizing module nios2_gen2_0
Progress: Adding onchip_memory2_0 [altera_avalon_onchip_memory2 18.1]
Progress: Parameterizing module onchip_memory2_0
Progress: Adding st_adapter_0 [altera_avalon_st_adapter 18.1]
Progress: Parameterizing module st_adapter_0
Progress: Adding video_pll_0 [altera_up_avalon_video_pll 18.0]
Progress: Parameterizing module video_pll_0
Progress: Adding video_vga_controller_0 [altera_up_avalon_video_vga_controller 18.0]
Progress: Parameterizing module video_vga_controller_0
Progress: Building connections
Progress: Parameterizing connections
Progress: Validating
Progress: Done reading input file
Info: Core.jtag_uart_0: JTAG UART IP input clock need to be at least double (2x) the operating frequency of JTAG TCK on board
Info: Core.st_adapter_0: Inserting timing_adapter: timing_adapter_0
Info: Core.video_vga_controller_0: Video Output Stream: Format: 640 x 480 with Color: 10 (bits) x 3 (planes) converted to 8 (bits) per color plane
Info: qsys-generate succeeded.
Info: Finished: Create block symbol file (.bsf)
Info: 
Info: Starting: Create HDL design files for synthesis
Info: qsys-generate /home/jaschutte/Documents/School/VHDL/VoiceGame_VHDL/Core.qsys --synthesis=VHDL --output-directory=/home/jaschutte/Documents/School/VHDL/VoiceGame_VHDL/Core/synthesis --family="Cyclone IV E" --part=EP4CE115F29C7
Progress: Loading VoiceGame_VHDL/Core.qsys
Progress: Reading input file
Progress: Adding alt_vip_cti_0 [alt_vip_cti 14.0]
Progress: Parameterizing module alt_vip_cti_0
Progress: Adding audio_0 [altera_up_avalon_audio 18.0]
Progress: Parameterizing module audio_0
Progress: Adding audio_pll_0 [altera_up_avalon_audio_pll 18.0]
Progress: Parameterizing module audio_pll_0
Progress: Adding clk_0 [clock_source 18.1]
Progress: Parameterizing module clk_0
Progress: Adding jtag_uart_0 [altera_avalon_jtag_uart 18.1]
Progress: Parameterizing module jtag_uart_0
Progress: Adding nios2_gen2_0 [altera_nios2_gen2 18.1]
Progress: Parameterizing module nios2_gen2_0
Progress: Adding onchip_memory2_0 [altera_avalon_onchip_memory2 18.1]
Progress: Parameterizing module onchip_memory2_0
Progress: Adding st_adapter_0 [altera_avalon_st_adapter 18.1]
Progress: Parameterizing module st_adapter_0
Progress: Adding video_pll_0 [altera_up_avalon_video_pll 18.0]
Progress: Parameterizing module video_pll_0
Progress: Adding video_vga_controller_0 [altera_up_avalon_video_vga_controller 18.0]
Progress: Parameterizing module video_vga_controller_0
Progress: Building connections
Progress: Parameterizing connections
Progress: Validating
Progress: Done reading input file
Info: Core.jtag_uart_0: JTAG UART IP input clock need to be at least double (2x) the operating frequency of JTAG TCK on board
Info: Core.st_adapter_0: Inserting timing_adapter: timing_adapter_0
Info: Core.video_vga_controller_0: Video Output Stream: Format: 640 x 480 with Color: 10 (bits) x 3 (planes) converted to 8 (bits) per color plane
Info: Core: Generating Core "Core" for QUARTUS_SYNTH
Info: Inserting clock-crossing logic between cmd_demux.src0 and cmd_mux.sink0
Info: Inserting clock-crossing logic between rsp_demux.src0 and rsp_mux.sink0
Info: alt_vip_cti_0: "Core" instantiated alt_vip_cti "alt_vip_cti_0"
Info: audio_0: Starting Generation of Audio Controller
Info: audio_0: "Core" instantiated altera_up_avalon_audio "audio_0"
Info: audio_pll_0: "Core" instantiated altera_up_avalon_audio_pll "audio_pll_0"
Info: jtag_uart_0: Starting RTL generation for module 'Core_jtag_uart_0'
Info: jtag_uart_0:   Generation command is [exec /home/jaschutte/Applications/Quartus/quartus/linux64/perl/bin/perl -I /home/jaschutte/Applications/Quartus/quartus/linux64/perl/lib -I /home/jaschutte/Applications/Quartus/quartus/sopc_builder/bin/europa -I /home/jaschutte/Applications/Quartus/quartus/sopc_builder/bin/perl_lib -I /home/jaschutte/Applications/Quartus/quartus/sopc_builder/bin -I /home/jaschutte/Applications/Quartus/quartus/../ip/altera/sopc_builder_ip/common -I /home/jaschutte/Applications/Quartus/quartus/../ip/altera/sopc_builder_ip/altera_avalon_jtag_uart -- /home/jaschutte/Applications/Quartus/quartus/../ip/altera/sopc_builder_ip/altera_avalon_jtag_uart/generate_rtl.pl --name=Core_jtag_uart_0 --dir=/tmp/alt9689_4936982106389615200.dir/0005_jtag_uart_0_gen/ --quartus_dir=/home/jaschutte/Applications/Quartus/quartus --verilog --config=/tmp/alt9689_4936982106389615200.dir/0005_jtag_uart_0_gen//Core_jtag_uart_0_component_configuration.pl  --do_build_sim=0  ]
Info: jtag_uart_0: Done RTL generation for module 'Core_jtag_uart_0'
Info: jtag_uart_0: "Core" instantiated altera_avalon_jtag_uart "jtag_uart_0"
Info: nios2_gen2_0: "Core" instantiated altera_nios2_gen2 "nios2_gen2_0"
Info: onchip_memory2_0: Starting RTL generation for module 'Core_onchip_memory2_0'
Info: onchip_memory2_0:   Generation command is [exec /home/jaschutte/Applications/Quartus/quartus/linux64/perl/bin/perl -I /home/jaschutte/Applications/Quartus/quartus/linux64/perl/lib -I /home/jaschutte/Applications/Quartus/quartus/sopc_builder/bin/europa -I /home/jaschutte/Applications/Quartus/quartus/sopc_builder/bin/perl_lib -I /home/jaschutte/Applications/Quartus/quartus/sopc_builder/bin -I /home/jaschutte/Applications/Quartus/quartus/../ip/altera/sopc_builder_ip/common -I /home/jaschutte/Applications/Quartus/quartus/../ip/altera/sopc_builder_ip/altera_avalon_onchip_memory2 -- /home/jaschutte/Applications/Quartus/quartus/../ip/altera/sopc_builder_ip/altera_avalon_onchip_memory2/generate_rtl.pl --name=Core_onchip_memory2_0 --dir=/tmp/alt9689_4936982106389615200.dir/0006_onchip_memory2_0_gen/ --quartus_dir=/home/jaschutte/Applications/Quartus/quartus --verilog --config=/tmp/alt9689_4936982106389615200.dir/0006_onchip_memory2_0_gen//Core_onchip_memory2_0_component_configuration.pl  --do_build_sim=0  ]
Info: onchip_memory2_0: Done RTL generation for module 'Core_onchip_memory2_0'
Info: onchip_memory2_0: "Core" instantiated altera_avalon_onchip_memory2 "onchip_memory2_0"
Info: st_adapter_0: "Core" instantiated altera_avalon_st_adapter "st_adapter_0"
Info: video_pll_0: "Core" instantiated altera_up_avalon_video_pll "video_pll_0"
Info: video_vga_controller_0: Starting Generation of VGA Controller
Info: video_vga_controller_0: "Core" instantiated altera_up_avalon_video_vga_controller "video_vga_controller_0"
Info: avalon_st_adapter: Inserting error_adapter: error_adapter_0
Info: avalon_st_adapter_001: Inserting error_adapter: error_adapter_0
Info: avalon_st_adapter_002: Inserting error_adapter: error_adapter_0
Info: avalon_st_adapter_003: Inserting error_adapter: error_adapter_0
Info: mm_interconnect_0: "Core" instantiated altera_mm_interconnect "mm_interconnect_0"
Info: irq_mapper: "Core" instantiated altera_irq_mapper "irq_mapper"
Info: irq_synchronizer: "Core" instantiated altera_irq_clock_crosser "irq_synchronizer"
Info: rst_controller: "Core" instantiated altera_reset_controller "rst_controller"
Info: audio_pll: "audio_pll_0" instantiated altera_up_altpll "audio_pll"
Info: reset_from_locked: "audio_pll_0" instantiated altera_up_avalon_reset_from_locked_signal "reset_from_locked"
Info: cpu: Starting RTL generation for module 'Core_nios2_gen2_0_cpu'
Info: cpu:   Generation command is [exec /home/jaschutte/Applications/Quartus/quartus/linux64//eperlcmd -I /home/jaschutte/Applications/Quartus/quartus/linux64//perl/lib -I /home/jaschutte/Applications/Quartus/quartus/sopc_builder/bin/europa -I /home/jaschutte/Applications/Quartus/quartus/sopc_builder/bin/perl_lib -I /home/jaschutte/Applications/Quartus/quartus/sopc_builder/bin -I /home/jaschutte/Applications/Quartus/quartus/../ip/altera/nios2_ip/altera_nios2_gen2/cpu_lib -I /home/jaschutte/Applications/Quartus/quartus/../ip/altera/nios2_ip/altera_nios2_gen2/nios_lib -I /home/jaschutte/Applications/Quartus/quartus/../ip/altera/nios2_ip/altera_nios2_gen2 -I /home/jaschutte/Applications/Quartus/quartus/../ip/altera/nios2_ip/altera_nios2_gen2 -- /home/jaschutte/Applications/Quartus/quartus/../ip/altera/nios2_ip/altera_nios2_gen2/generate_rtl.epl --name=Core_nios2_gen2_0_cpu --dir=/tmp/alt9689_4936982106389615200.dir/0013_cpu_gen/ --quartus_bindir=/home/jaschutte/Applications/Quartus/quartus/linux64/ --verilog --config=/tmp/alt9689_4936982106389615200.dir/0013_cpu_gen//Core_nios2_gen2_0_cpu_processor_configuration.pl  --do_build_sim=0  ]
Info: cpu: # 2023.11.28 10:23:44 (*) Starting Nios II generation
Info: cpu: # 2023.11.28 10:23:44 (*)   Checking for plaintext license.
Info: cpu: # 2023.11.28 10:23:44 (*)   Couldn't query license setup in Quartus directory /home/jaschutte/Applications/Quartus/quartus/linux64/
Info: cpu: # 2023.11.28 10:23:44 (*)   Defaulting to contents of LM_LICENSE_FILE environment variable
Info: cpu: # 2023.11.28 10:23:44 (*)   LM_LICENSE_FILE environment variable is empty
Info: cpu: # 2023.11.28 10:23:44 (*)   Plaintext license not found.
Info: cpu: # 2023.11.28 10:23:44 (*)   Checking for encrypted license (non-evaluation).
Info: cpu: # 2023.11.28 10:23:45 (*)   Couldn't query license setup in Quartus directory /home/jaschutte/Applications/Quartus/quartus/linux64/
Info: cpu: # 2023.11.28 10:23:45 (*)   Defaulting to contents of LM_LICENSE_FILE environment variable
Info: cpu: # 2023.11.28 10:23:45 (*)   LM_LICENSE_FILE environment variable is empty
Info: cpu: # 2023.11.28 10:23:45 (*)   Encrypted license not found.  Defaulting to OCP evaluation license (produces a time-limited SOF)
Info: cpu: # 2023.11.28 10:23:45 (*)   Elaborating CPU configuration settings
Info: cpu: # 2023.11.28 10:23:45 (*)   Creating all objects for CPU
Info: cpu: # 2023.11.28 10:23:45 (*)     Testbench
Info: cpu: # 2023.11.28 10:23:45 (*)     Instruction decoding
Info: cpu: # 2023.11.28 10:23:45 (*)       Instruction fields
Info: cpu: # 2023.11.28 10:23:45 (*)       Instruction decodes
Info: cpu: # 2023.11.28 10:23:45 (*)       Signals for RTL simulation waveforms
Info: cpu: # 2023.11.28 10:23:45 (*)       Instruction controls
Info: cpu: # 2023.11.28 10:23:45 (*)     Pipeline frontend
Info: cpu: # 2023.11.28 10:23:45 (*)     Pipeline backend
Info: cpu: # 2023.11.28 10:23:47 (*)   Generating RTL from CPU objects
Info: cpu: # 2023.11.28 10:23:48 (*)   Creating encrypted RTL
Info: cpu: # 2023.11.28 10:23:48 (*) Done Nios II generation
Info: cpu: Done RTL generation for module 'Core_nios2_gen2_0_cpu'
Info: cpu: "nios2_gen2_0" instantiated altera_nios2_gen2_unit "cpu"
Info: timing_adapter_0: "st_adapter_0" instantiated timing_adapter "timing_adapter_0"
Info: nios2_gen2_0_data_master_translator: "mm_interconnect_0" instantiated altera_merlin_master_translator "nios2_gen2_0_data_master_translator"
Info: audio_0_avalon_audio_slave_translator: "mm_interconnect_0" instantiated altera_merlin_slave_translator "audio_0_avalon_audio_slave_translator"
Info: nios2_gen2_0_data_master_agent: "mm_interconnect_0" instantiated altera_merlin_master_agent "nios2_gen2_0_data_master_agent"
Info: audio_0_avalon_audio_slave_agent: "mm_interconnect_0" instantiated altera_merlin_slave_agent "audio_0_avalon_audio_slave_agent"
Info: audio_0_avalon_audio_slave_agent_rsp_fifo: "mm_interconnect_0" instantiated altera_avalon_sc_fifo "audio_0_avalon_audio_slave_agent_rsp_fifo"
Info: router: "mm_interconnect_0" instantiated altera_merlin_router "router"
Info: router_001: "mm_interconnect_0" instantiated altera_merlin_router "router_001"
Info: router_002: "mm_interconnect_0" instantiated altera_merlin_router "router_002"
Info: router_004: "mm_interconnect_0" instantiated altera_merlin_router "router_004"
Info: router_005: "mm_interconnect_0" instantiated altera_merlin_router "router_005"
Info: nios2_gen2_0_data_master_limiter: "mm_interconnect_0" instantiated altera_merlin_traffic_limiter "nios2_gen2_0_data_master_limiter"
Info: Reusing file /home/jaschutte/Documents/School/VHDL/VoiceGame_VHDL/Core/synthesis/submodules/altera_avalon_sc_fifo.v
Info: onchip_memory2_0_s1_burst_adapter: "mm_interconnect_0" instantiated altera_merlin_burst_adapter "onchip_memory2_0_s1_burst_adapter"
Info: Reusing file /home/jaschutte/Documents/School/VHDL/VoiceGame_VHDL/Core/synthesis/submodules/altera_avalon_st_pipeline_base.v
Info: cmd_demux: "mm_interconnect_0" instantiated altera_merlin_demultiplexer "cmd_demux"
Info: cmd_demux_001: "mm_interconnect_0" instantiated altera_merlin_demultiplexer "cmd_demux_001"
Info: cmd_mux: "mm_interconnect_0" instantiated altera_merlin_multiplexer "cmd_mux"
Info: cmd_mux_002: "mm_interconnect_0" instantiated altera_merlin_multiplexer "cmd_mux_002"
Info: Reusing file /home/jaschutte/Documents/School/VHDL/VoiceGame_VHDL/Core/synthesis/submodules/altera_merlin_arbitrator.sv
Info: rsp_demux: "mm_interconnect_0" instantiated altera_merlin_demultiplexer "rsp_demux"
Info: rsp_demux_001: "mm_interconnect_0" instantiated altera_merlin_demultiplexer "rsp_demux_001"
Info: rsp_demux_002: "mm_interconnect_0" instantiated altera_merlin_demultiplexer "rsp_demux_002"
Info: rsp_mux: "mm_interconnect_0" instantiated altera_merlin_multiplexer "rsp_mux"
Info: Reusing file /home/jaschutte/Documents/School/VHDL/VoiceGame_VHDL/Core/synthesis/submodules/altera_merlin_arbitrator.sv
Info: rsp_mux_001: "mm_interconnect_0" instantiated altera_merlin_multiplexer "rsp_mux_001"
Info: Reusing file /home/jaschutte/Documents/School/VHDL/VoiceGame_VHDL/Core/synthesis/submodules/altera_merlin_arbitrator.sv
Info: onchip_memory2_0_s1_rsp_width_adapter: "mm_interconnect_0" instantiated altera_merlin_width_adapter "onchip_memory2_0_s1_rsp_width_adapter"
Info: Reusing file /home/jaschutte/Documents/School/VHDL/VoiceGame_VHDL/Core/synthesis/submodules/altera_merlin_address_alignment.sv
Info: Reusing file /home/jaschutte/Documents/School/VHDL/VoiceGame_VHDL/Core/synthesis/submodules/altera_merlin_burst_uncompressor.sv
Info: crosser: "mm_interconnect_0" instantiated altera_avalon_st_handshake_clock_crosser "crosser"
Info: Reusing file /home/jaschutte/Documents/School/VHDL/VoiceGame_VHDL/Core/synthesis/submodules/altera_avalon_st_pipeline_base.v
Info: avalon_st_adapter: "mm_interconnect_0" instantiated altera_avalon_st_adapter "avalon_st_adapter"
Info: avalon_st_adapter_003: "mm_interconnect_0" instantiated altera_avalon_st_adapter "avalon_st_adapter_003"
Info: error_adapter_0: "avalon_st_adapter" instantiated error_adapter "error_adapter_0"
Info: error_adapter_0: "avalon_st_adapter_003" instantiated error_adapter "error_adapter_0"
Info: Core: Done "Core" with 45 modules, 97 files
Info: qsys-generate succeeded.
Info: Finished: Create HDL design files for synthesis
