Flow report for Main
Thu Nov 30 16:36:44 2023
Quartus Prime Version 18.1.0 Build 625 09/12/2018 SJ Lite Edition


---------------------
; Table of Contents ;
---------------------
  1. Legal Notice
  2. Flow Summary
  3. Flow Settings
  4. Flow Non-Default Global Settings
  5. Flow Elapsed Time
  6. Flow OS Summary
  7. Flow Log
  8. Flow Messages
  9. Flow Suppressed Messages



----------------
; Legal Notice ;
----------------
Copyright (C) 2018  Intel Corporation. All rights reserved.
Your use of Intel Corporation's design tools, logic functions 
and other software and tools, and its AMPP partner logic 
functions, and any output files from any of the foregoing 
(including device programming or simulation files), and any 
associated documentation or information are expressly subject 
to the terms and conditions of the Intel Program License 
Subscription Agreement, the Intel Quartus Prime License Agreement,
the Intel FPGA IP License Agreement, or other applicable license
agreement, including, without limitation, that your use is for
the sole purpose of programming logic devices manufactured by
Intel and sold by Intel or its authorized distributors.  Please
refer to the applicable agreement for further details.



+----------------------------------------------------------------------------------+
; Flow Summary                                                                     ;
+------------------------------------+---------------------------------------------+
; Flow Status                        ; Successful - Thu Nov 30 16:36:38 2023       ;
; Quartus Prime Version              ; 18.1.0 Build 625 09/12/2018 SJ Lite Edition ;
; Revision Name                      ; Main                                        ;
; Top-level Entity Name              ; Main                                        ;
; Family                             ; Cyclone IV E                                ;
; Device                             ; EP4CE115F29C7                               ;
; Timing Models                      ; Final                                       ;
; Total logic elements               ; 8,228 / 114,480 ( 7 % )                     ;
;     Total combinational functions  ; 7,706 / 114,480 ( 7 % )                     ;
;     Dedicated logic registers      ; 2,610 / 114,480 ( 2 % )                     ;
; Total registers                    ; 2731                                        ;
; Total pins                         ; 115 / 529 ( 22 % )                          ;
; Total virtual pins                 ; 0                                           ;
; Total memory bits                  ; 3,268,800 / 3,981,312 ( 82 % )              ;
; Embedded Multiplier 9-bit elements ; 6 / 532 ( 1 % )                             ;
; Total PLLs                         ; 3 / 4 ( 75 % )                              ;
+------------------------------------+---------------------------------------------+


+-----------------------------------------+
; Flow Settings                           ;
+-------------------+---------------------+
; Option            ; Setting             ;
+-------------------+---------------------+
; Start date & time ; 11/30/2023 16:34:57 ;
; Main task         ; Compilation         ;
; Revision Name     ; Main                ;
+-------------------+---------------------+


+------------------------------------------------------------------------------------------------------------------------------------------------+
; Flow Non-Default Global Settings                                                                                                               ;
+-------------------------------------+---------------------------------------------------------------+---------------+-------------+------------+
; Assignment Name                     ; Value                                                         ; Default Value ; Entity Name ; Section Id ;
+-------------------------------------+---------------------------------------------------------------+---------------+-------------+------------+
; COMPILER_SIGNATURE_ID               ; 145440629424989.170135849701764                               ; --            ; --          ; --         ;
; MAX_CORE_JUNCTION_TEMP              ; 85                                                            ; --            ; --          ; --         ;
; MIN_CORE_JUNCTION_TEMP              ; 0                                                             ; --            ; --          ; --         ;
; MISC_FILE                           ; NIOSII_Test/synthesis/../NIOSII_Test.cmp                      ; --            ; --          ; --         ;
; MISC_FILE                           ; NIOSII_Test/synthesis/../../NIOSII_Test.qsys                  ; --            ; --          ; --         ;
; MISC_FILE                           ; video_pll.cmp                                                 ; --            ; --          ; --         ;
; MISC_FILE                           ; video_pll.ppf                                                 ; --            ; --          ; --         ;
; NOMINAL_CORE_SUPPLY_VOLTAGE         ; 1.2V                                                          ; --            ; --          ; --         ;
; PARTITION_COLOR                     ; -- (Not supported for targeted family)                        ; --            ; --          ; Top        ;
; PARTITION_FITTER_PRESERVATION_LEVEL ; -- (Not supported for targeted family)                        ; --            ; --          ; Top        ;
; PARTITION_NETLIST_TYPE              ; -- (Not supported for targeted family)                        ; --            ; --          ; Top        ;
; POWER_BOARD_THERMAL_MODEL           ; None (CONSERVATIVE)                                           ; --            ; --          ; --         ;
; POWER_PRESET_COOLING_SOLUTION       ; 23 MM HEAT SINK WITH 200 LFPM AIRFLOW                         ; --            ; --          ; --         ;
; PROJECT_OUTPUT_DIRECTORY            ; output_files                                                  ; --            ; --          ; --         ;
; SLD_FILE                            ; NIOSII_Test/synthesis/NIOSII_Test.regmap                      ; --            ; --          ; --         ;
; SLD_FILE                            ; NIOSII_Test/synthesis/NIOSII_Test.debuginfo                   ; --            ; --          ; --         ;
; SLD_INFO                            ; QSYS_NAME NIOSII_Test HAS_SOPCINFO 1 GENERATION_ID 1701344963 ; --            ; NIOSII_Test ; --         ;
; SOPCINFO_FILE                       ; NIOSII_Test/synthesis/../../NIOSII_Test.sopcinfo              ; --            ; --          ; --         ;
; SYNTHESIS_ONLY_QIP                  ; On                                                            ; --            ; --          ; --         ;
+-------------------------------------+---------------------------------------------------------------+---------------+-------------+------------+


+--------------------------------------------------------------------------------------------------------------------------+
; Flow Elapsed Time                                                                                                        ;
+----------------------+--------------+-------------------------+---------------------+------------------------------------+
; Module Name          ; Elapsed Time ; Average Processors Used ; Peak Virtual Memory ; Total CPU Time (on all processors) ;
+----------------------+--------------+-------------------------+---------------------+------------------------------------+
; Analysis & Synthesis ; 00:00:52     ; 1.0                     ; 5051 MB             ; 00:00:48                           ;
; Fitter               ; 00:00:36     ; 1.1                     ; 6459 MB             ; 00:00:41                           ;
; Assembler            ; 00:00:04     ; 1.0                     ; 4742 MB             ; 00:00:04                           ;
; Timing Analyzer      ; 00:00:05     ; 1.6                     ; 5048 MB             ; 00:00:05                           ;
; Total                ; 00:01:37     ; --                      ; --                  ; 00:01:38                           ;
+----------------------+--------------+-------------------------+---------------------+------------------------------------+


+------------------------------------------------------------------------------------+
; Flow OS Summary                                                                    ;
+----------------------+------------------+------------+------------+----------------+
; Module Name          ; Machine Hostname ; OS Name    ; OS Version ; Processor type ;
+----------------------+------------------+------------+------------+----------------+
; Analysis & Synthesis ; Proto            ; Windows 10 ; 10.0       ; x86_64         ;
; Fitter               ; Proto            ; Windows 10 ; 10.0       ; x86_64         ;
; Assembler            ; Proto            ; Windows 10 ; 10.0       ; x86_64         ;
; Timing Analyzer      ; Proto            ; Windows 10 ; 10.0       ; x86_64         ;
+----------------------+------------------+------------+------------+----------------+


------------
; Flow Log ;
------------
quartus_map --read_settings_files=on --write_settings_files=off VoiceGame_VHDL -c Main
quartus_fit --read_settings_files=off --write_settings_files=off VoiceGame_VHDL -c Main
quartus_asm --read_settings_files=off --write_settings_files=off VoiceGame_VHDL -c Main
quartus_sta VoiceGame_VHDL -c Main



